#
# There is insufficient memory for the Java Runtime Environment to continue.
# Native memory allocation (mmap) failed to map 134217728 bytes for G1 virtual space
# Possible reasons:
#   The system is out of physical RAM or swap space
#   The process is running with CompressedOops enabled, and the Java Heap may be blocking the growth of the native heap
# Possible solutions:
#   Reduce memory load on the system
#   Increase physical memory or swap space
#   Check if swap backing store is full
#   Decrease Java heap size (-Xmx/-Xms)
#   Decrease number of Java threads
#   Decrease Java thread stack sizes (-Xss)
#   Set larger code cache with -XX:ReservedCodeCacheSize=
#   JVM is running with Unscaled Compressed Oops mode in which the Java heap is
#     placed in the first 4GB address space. The Java Heap base address is the
#     maximum limit for the native heap growth. Please use -XX:HeapBaseMinAddress
#     to set the Java Heap base and to place the Java Heap above 4GB virtual address.
# This output file may be truncated or incomplete.
#
#  Out of Memory Error (os_windows.cpp:3548), pid=4200, tid=15240
#
# JRE version:  (17.0.11+7) (build )
# Java VM: Java HotSpot(TM) 64-Bit Server VM (17.0.11+7-LTS-207, mixed mode, sharing, tiered, compressed oops, compressed class ptrs, g1 gc, windows-amd64)
# No core dump will be written. Minidumps are not enabled by default on client versions of Windows
#

---------------  S U M M A R Y ------------

Command Line: -agentlib:jdwp=transport=dt_socket,server=n,suspend=y,address=localhost:2081 -XX:+ShowCodeDetailsInExceptionMessages Soares.PegaFacil.PegaFacilApplication

Host: Intel(R) Core(TM) i5-8250U CPU @ 1.60GHz, 8 cores, 7G,  Windows 10 , 64 bit Build 19041 (10.0.19041.3636)
Time: Sun Jun 30 21:08:37 2024 Hora padrão África Centro Oeste elapsed time: 0.014438 seconds (0d 0h 0m 0s)

---------------  T H R E A D  ---------------

Current thread (0x000001f3e785e2a0):  JavaThread "Unknown thread" [_thread_in_vm, id=15240, stack(0x000000b504200000,0x000000b504300000)]

Stack: [0x000000b504200000,0x000000b504300000]
Native frames: (J=compiled Java code, j=interpreted, Vv=VM code, C=native code)
V  [jvm.dll+0x679cca]
V  [jvm.dll+0x7da13d]
V  [jvm.dll+0x7dba83]
V  [jvm.dll+0x7dc0f3]
V  [jvm.dll+0x2449af]
V  [jvm.dll+0x676ce9]
V  [jvm.dll+0x66b852]
V  [jvm.dll+0x3018d6]
V  [jvm.dll+0x308e76]
V  [jvm.dll+0x3596ee]
V  [jvm.dll+0x35991f]
V  [jvm.dll+0x2d89a8]
V  [jvm.dll+0x2d9914]
V  [jvm.dll+0x7ac6b1]
V  [jvm.dll+0x366f61]
V  [jvm.dll+0x78b609]
V  [jvm.dll+0x3ec22f]
V  [jvm.dll+0x3ede61]
C  [jli.dll+0x5297]
C  [ucrtbase.dll+0x21bb2]
C  [KERNEL32.DLL+0x17344]
C  [ntdll.dll+0x4cc91]


---------------  P R O C E S S  ---------------

Threads class SMR info:
_java_thread_list=0x00007ffb82e07a18, length=0, elements={
}

Java Threads: ( => current thread )

Other Threads:
  0x000001f3e78c0c80 GCTaskThread "GC Thread#0" [stack: 0x000000b504300000,0x000000b504400000] [id=17708]
  0x000001f3e78d28e0 ConcurrentGCThread "G1 Main Marker" [stack: 0x000000b504400000,0x000000b504500000] [id=2772]
  0x000001f3e78d32f0 ConcurrentGCThread "G1 Conc#0" [stack: 0x000000b504500000,0x000000b504600000] [id=13448]

[error occurred during error reporting (printing all threads), id 0xc0000005, EXCEPTION_ACCESS_VIOLATION (0xc0000005) at pc=0x00007ffb82639497]

VM state: not at safepoint (not fully initialized)

VM Mutex/Monitor currently owned by a thread:  ([mutex/lock_event])
[0x000001f3e78592a0] Heap_lock - owner thread: 0x000001f3e785e2a0

Heap address: 0x0000000081800000, size: 2024 MB, Compressed Oops mode: 32-bit

CDS archive(s) mapped at: [0x0000000000000000-0x0000000000000000-0x0000000000000000), size 0, SharedBaseAddress: 0x0000000800000000, ArchiveRelocationMode: 1.
Narrow klass base: 0x0000000000000000, Narrow klass shift: 0, Narrow klass range: 0x0

GC Precious Log:
<Empty>

Heap:
 garbage-first heap   total 0K, used 0K [0x0000000081800000, 0x0000000100000000)
  region size 1024K, 0 young (0K), 0 survivors (0K)

[error occurred during error reporting (printing heap information), id 0xc0000005, EXCEPTION_ACCESS_VIOLATION (0xc0000005) at pc=0x00007ffb82a23559]

GC Heap History (0 events):
No events

Deoptimization events (0 events):
No events

Classes unloaded (0 events):
No events

Classes redefined (0 events):
No events

Internal exceptions (0 events):
No events

VM Operations (0 events):
No events

Events (1 events):
Event: 0.008 Loaded shared library C:\Program Files\Java\jdk-17\bin\java.dll


Dynamic libraries:
0x00007ff603cc0000 - 0x00007ff603cd0000 	C:\Program Files\Java\jdk-17\bin\java.exe
0x00007ffc0d9f0000 - 0x00007ffc0dbe8000 	C:\WINDOWS\SYSTEM32\ntdll.dll
0x00007ffc0c090000 - 0x00007ffc0c14d000 	C:\WINDOWS\System32\KERNEL32.DLL
0x00007ffc0b680000 - 0x00007ffc0b976000 	C:\WINDOWS\System32\KERNELBASE.dll
0x00007ffc0b300000 - 0x00007ffc0b400000 	C:\WINDOWS\System32\ucrtbase.dll
0x00007ffbea2a0000 - 0x00007ffbea2b9000 	C:\Program Files\Java\jdk-17\bin\jli.dll
0x00007ffbe7db0000 - 0x00007ffbe7dcb000 	C:\Program Files\Java\jdk-17\bin\VCRUNTIME140.dll
0x00007ffc0c780000 - 0x00007ffc0c830000 	C:\WINDOWS\System32\ADVAPI32.dll
0x00007ffc0d0b0000 - 0x00007ffc0d14e000 	C:\WINDOWS\System32\msvcrt.dll
0x00007ffc0bff0000 - 0x00007ffc0c090000 	C:\WINDOWS\System32\sechost.dll
0x00007ffc0ba30000 - 0x00007ffc0bb53000 	C:\WINDOWS\System32\RPCRT4.dll
0x00007ffc0b120000 - 0x00007ffc0b147000 	C:\WINDOWS\System32\bcrypt.dll
0x00007ffc0c960000 - 0x00007ffc0caff000 	C:\WINDOWS\System32\USER32.dll
0x00007ffc0b240000 - 0x00007ffc0b262000 	C:\WINDOWS\System32\win32u.dll
0x00007ffbf60a0000 - 0x00007ffbf633a000 	C:\WINDOWS\WinSxS\amd64_microsoft.windows.common-controls_6595b64144ccf1df_6.0.19041.4355_none_60b8b9eb71f62e16\COMCTL32.dll
0x00007ffc0bc80000 - 0x00007ffc0bcab000 	C:\WINDOWS\System32\GDI32.dll
0x00007ffc0b400000 - 0x00007ffc0b517000 	C:\WINDOWS\System32\gdi32full.dll
0x00007ffc0b150000 - 0x00007ffc0b1ed000 	C:\WINDOWS\System32\msvcp_win.dll
0x00007ffc049f0000 - 0x00007ffc049fa000 	C:\WINDOWS\SYSTEM32\VERSION.dll
0x00007ffc0d080000 - 0x00007ffc0d0af000 	C:\WINDOWS\System32\IMM32.DLL
0x00007ffc05cc0000 - 0x00007ffc05ccc000 	C:\Program Files\Java\jdk-17\bin\vcruntime140_1.dll
0x00007ffbde6e0000 - 0x00007ffbde76e000 	C:\Program Files\Java\jdk-17\bin\msvcp140.dll
0x00007ffb82350000 - 0x00007ffb82f30000 	C:\Program Files\Java\jdk-17\bin\server\jvm.dll
0x00007ffc0be00000 - 0x00007ffc0be08000 	C:\WINDOWS\System32\PSAPI.DLL
0x00007ffbec670000 - 0x00007ffbec697000 	C:\WINDOWS\SYSTEM32\WINMM.dll
0x00007ffbeb560000 - 0x00007ffbeb569000 	C:\WINDOWS\SYSTEM32\WSOCK32.dll
0x00007ffc0d940000 - 0x00007ffc0d9ab000 	C:\WINDOWS\System32\WS2_32.dll
0x00007ffc098c0000 - 0x00007ffc098d2000 	C:\WINDOWS\SYSTEM32\kernel.appcore.dll
0x00007ffbf54a0000 - 0x00007ffbf54aa000 	C:\Program Files\Java\jdk-17\bin\jimage.dll
0x00007ffc08f00000 - 0x00007ffc090e4000 	C:\WINDOWS\SYSTEM32\DBGHELP.DLL
0x00007ffbf6980000 - 0x00007ffbf69b4000 	C:\WINDOWS\SYSTEM32\dbgcore.DLL
0x00007ffc0b270000 - 0x00007ffc0b2f2000 	C:\WINDOWS\System32\bcryptPrimitives.dll
0x00007ffbde430000 - 0x00007ffbde46b000 	C:\Program Files\Java\jdk-17\bin\jdwp.dll
0x00007ffbe7c80000 - 0x00007ffbe7ca5000 	C:\Program Files\Java\jdk-17\bin\java.dll

dbghelp: loaded successfully - version: 4.0.5 - missing functions: none
symbol engine: initialized successfully - sym options: 0x614 - pdb path: .;C:\Program Files\Java\jdk-17\bin;C:\WINDOWS\SYSTEM32;C:\WINDOWS\WinSxS\amd64_microsoft.windows.common-controls_6595b64144ccf1df_6.0.19041.4355_none_60b8b9eb71f62e16;C:\Program Files\Java\jdk-17\bin\server

VM Arguments:
jvm_args: -agentlib:jdwp=transport=dt_socket,server=n,suspend=y,address=localhost:2081 -XX:+ShowCodeDetailsInExceptionMessages 
java_command: Soares.PegaFacil.PegaFacilApplication
java_class_path (initial): C:\Users\E480\Documents\GitHub\PegaFacil\target\classes;C:\Users\E480\.m2\repository\org\springframework\boot\spring-boot-starter-data-jpa\3.3.1\spring-boot-starter-data-jpa-3.3.1.jar;C:\Users\E480\.m2\repository\org\springframework\boot\spring-boot-starter-aop\3.3.1\spring-boot-starter-aop-3.3.1.jar;C:\Users\E480\.m2\repository\org\springframework\spring-aop\6.1.10\spring-aop-6.1.10.jar;C:\Users\E480\.m2\repository\org\aspectj\aspectjweaver\1.9.22\aspectjweaver-1.9.22.jar;C:\Users\E480\.m2\repository\org\springframework\boot\spring-boot-starter-jdbc\3.3.1\spring-boot-starter-jdbc-3.3.1.jar;C:\Users\E480\.m2\repository\com\zaxxer\HikariCP\5.1.0\HikariCP-5.1.0.jar;C:\Users\E480\.m2\repository\org\springframework\spring-jdbc\6.1.10\spring-jdbc-6.1.10.jar;C:\Users\E480\.m2\repository\org\hibernate\orm\hibernate-core\6.5.2.Final\hibernate-core-6.5.2.Final.jar;C:\Users\E480\.m2\repository\jakarta\transaction\jakarta.transaction-api\2.0.1\jakarta.transaction-api-2.0.1.jar;C:\Users\E480\.m2\repository\org\jboss\logging\jboss-logging\3.5.3.Final\jboss-logging-3.5.3.Final.jar;C:\Users\E480\.m2\repository\org\hibernate\common\hibernate-commons-annotations\6.0.6.Final\hibernate-commons-annotations-6.0.6.Final.jar;C:\Users\E480\.m2\repository\io\smallrye\jandex\3.1.2\jandex-3.1.2.jar;C:\Users\E480\.m2\repository\com\fasterxml\classmate\1.7.0\classmate-1.7.0.jar;C:\Users\E480\.m2\repository\net\bytebuddy\byte-buddy\1.14.17\byte-buddy-1.14.17.jar;C:\Users\E480\.m2\repository\org\glassfish\jaxb\jaxb-runtime\4.0.5\jaxb-runtime-4.0.5.jar;C:\Users\E480\.m2\repository\org\glassfish\jaxb\jaxb-core\4.0.5\jaxb-core-4.0.5.jar;C:\Users\E480\.m2\repository\org\eclipse\angus\angus-activation\2.0.2\angus-activation-2.0.2.jar;C:\Users\E480\.m2\repository\org\glassfish\jaxb\txw2\4.0.5\txw2-4.0.5.jar;C:\Users\E480\.m2\repository\com\sun\istack\istack-commons-runtime\4.1.2\istack-commons-runtime-4.1.2.jar;C:\Users\E480\.m2\repository\jakarta\inject\jakarta.inject-api\
Launcher Type: SUN_STANDARD

[Global flags]
     intx CICompilerCount                          = 4                                         {product} {ergonomic}
     uint ConcGCThreads                            = 2                                         {product} {ergonomic}
     uint G1ConcRefinementThreads                  = 8                                         {product} {ergonomic}
   size_t G1HeapRegionSize                         = 1048576                                   {product} {ergonomic}
    uintx GCDrainStackTargetSize                   = 64                                        {product} {ergonomic}
   size_t InitialHeapSize                          = 134217728                                 {product} {ergonomic}
   size_t MarkStackSize                            = 4194304                                   {product} {ergonomic}
   size_t MaxHeapSize                              = 2122317824                                {product} {ergonomic}
   size_t MinHeapDeltaBytes                        = 1048576                                   {product} {ergonomic}
   size_t MinHeapSize                              = 8388608                                   {product} {ergonomic}
    uintx NonNMethodCodeHeapSize                   = 5839372                                {pd product} {ergonomic}
    uintx NonProfiledCodeHeapSize                  = 122909434                              {pd product} {ergonomic}
    uintx ProfiledCodeHeapSize                     = 122909434                              {pd product} {ergonomic}
    uintx ReservedCodeCacheSize                    = 251658240                              {pd product} {ergonomic}
     bool SegmentedCodeCache                       = true                                      {product} {ergonomic}
     bool ShowCodeDetailsInExceptionMessages       = true                                   {manageable} {command line}
   size_t SoftMaxHeapSize                          = 2122317824                             {manageable} {ergonomic}
     bool UseCompressedClassPointers               = true                           {product lp64_product} {ergonomic}
     bool UseCompressedOops                        = true                           {product lp64_product} {ergonomic}
     bool UseG1GC                                  = true                                      {product} {ergonomic}
     bool UseLargePagesIndividualAllocation        = false                                  {pd product} {ergonomic}

Logging:
Log output configuration:
 #0: stdout all=warning uptime,level,tags
 #1: stderr all=off uptime,level,tags

Environment Variables:
PATH=C:\Python312\Scripts\;C:\Python312\;C:\Program Files\Common Files\Oracle\Java\javapath;C:\Program Files (x86)\Common Files\Oracle\Java\javapath;C:\WINDOWS\system32;C:\WINDOWS;C:\WINDOWS\System32\Wbem;C:\WINDOWS\System32\WindowsPowerShell\v1.0\;C:\WINDOWS\System32\OpenSSH\;C:\Users\E480\AppData\Local\Microsoft\WindowsApps;C:\Users\E480\AppData\Roaming\Dashlane\6.1915.0.19667\bin\Firefox_Extension\{442718d9-475e-452a-b3e1-fb1ee16b8e9f}\components;C:\Users\E480\AppData\Roaming\Dashlane\6.1915.0.19667\ucrt;C:\Users\E480\AppData\Roaming\Dashlane\6.1915.0.19667\bin\Qt;C:\Users\E480\AppData\Roaming\Dashlane\6.1915.0.19667\bin\Ssl;C:\Users\E480\AppData\Local\Programs\Microsoft VS Code\bin;C:\Users\E480\AppData\Roaming\npm;C:\adb;C:\Program Files\Git\cmd;C:\Program Files\nodejs\;C:\ProgramData\chocolatey\bin;D:\Instalacoes\php;C:\composer;E:\instalacoes2\php;C:\Program Files\Certbot\bin;E:\Instalacoes\php;C:\Program Files\dotnet\;C:\Program Files (x86)\Apache\Maven\bin;C:\Users\E480\AppData\Local\Microsoft\WindowsApps;C:\Users\E480\AppData\Roaming\Dashlane\6.1915.0.19667\bin\Firefox_Extension\{442718d9-475e-452a-b3e1-fb1ee16b8e9f}\components;C:\Users\E480\AppData\Roaming\Dashlane\6.1915.0.19667\ucrt;C:\Users\E480\AppData\Roaming\Dashlane\6.1915.0.19667\bin\Qt;C:\Users\E480\AppData\Roaming\Dashlane\6.1915.0.19667\bin\Ssl;C:\Users\E480\AppData\Local\Programs\Microsoft VS Code\bin;C:\Users\E480\AppData\Roaming\npm;C:\Users\E480\AppData\Roaming\Composer\vendor\bin;C:\Users\E480\AppData\Local\GitHubDesktop\bin;C:\Users\E480\.dotnet\tools;C:\Program Files (x86)\Apache\Maven\bin;C:\Program Files (x86)\Apache\Maven;
USERNAME=E480
LANG=en_US.UTF-8
OS=Windows_NT
PROCESSOR_IDENTIFIER=Intel64 Family 6 Model 142 Stepping 10, GenuineIntel



---------------  S Y S T E M  ---------------

OS:
 Windows 10 , 64 bit Build 19041 (10.0.19041.3636)
OS uptime: 6 days 5:25 hours

CPU: total 8 (initial active 8) (4 cores per cpu, 2 threads per core) family 6 model 142 stepping 10 microcode 0xc6, cx8, cmov, fxsr, ht, mmx, 3dnowpref, sse, sse2, sse3, ssse3, sse4.1, sse4.2, popcnt, lzcnt, tsc, tscinvbit, avx, avx2, erms, clmul, bmi1, bmi2, adx, fma, vzeroupper, clflush, clflushopt

Memory: 4k page, system-wide physical 8093M (982M free)
TotalPageFile size 12189M (AvailPageFile size 43M)
current process WorkingSet (physical memory assigned to process): 10M, peak: 10M
current process commit charge ("private bytes"): 60M, peak: 188M

vm_info: Java HotSpot(TM) 64-Bit Server VM (17.0.11+7-LTS-207) for windows-amd64 JRE (17.0.11+7-LTS-207), built on Mar 11 2024 19:01:50 by "mach5one" with MS VC++ 17.6 (VS2022)

END.
