#
# There is insufficient memory for the Java Runtime Environment to continue.
# Native memory allocation (malloc) failed to allocate 1048576 bytes. Error detail: AllocateHeap
# Possible reasons:
#   The system is out of physical RAM or swap space
#   This process is running with CompressedOops enabled, and the Java Heap may be blocking the growth of the native heap
# Possible solutions:
#   Reduce memory load on the system
#   Increase physical memory or swap space
#   Check if swap backing store is full
#   Decrease Java heap size (-Xmx/-Xms)
#   Decrease number of Java threads
#   Decrease Java thread stack sizes (-Xss)
#   Set larger code cache with -XX:ReservedCodeCacheSize=
#   JVM is running with Unscaled Compressed Oops mode in which the Java heap is
#     placed in the first 4GB address space. The Java Heap base address is the
#     maximum limit for the native heap growth. Please use -XX:HeapBaseMinAddress
#     to set the Java Heap base and to place the Java Heap above 4GB virtual address.
# This output file may be truncated or incomplete.
#
#  Out of Memory Error (allocation.cpp:44), pid=3788, tid=10448
#
# JRE version: OpenJDK Runtime Environment Temurin-17.0.11+9 (17.0.11+9) (build 17.0.11+9)
# Java VM: OpenJDK 64-Bit Server VM Temurin-17.0.11+9 (17.0.11+9, mixed mode, emulated-client, tiered, compressed oops, compressed class ptrs, g1 gc, windows-amd64)
# No core dump will be written. Minidumps are not enabled by default on client versions of Windows
#

---------------  S U M M A R Y ------------

Command Line: -Xmx1024m -Dsts.lsp.client=vscode -Dsts.log.file=/dev/null -XX:TieredStopAtLevel=1 -Xlog:jni+resolve=off -Dspring.config.location=file:c:\Users\E480\.vscode\extensions\vmware.vscode-spring-boot-1.55.1\language-server\BOOT-INF\classes\application.properties org.springframework.ide.vscode.boot.app.BootLanguageServerBootApp

Host: Intel(R) Core(TM) i5-8250U CPU @ 1.60GHz, 8 cores, 7G,  Windows 10 , 64 bit Build 19041 (10.0.19041.3636)
Time: Mon Jul  1 12:11:29 2024 Hora padrão África Centro Oeste elapsed time: 54693.001126 seconds (0d 15h 11m 33s)

---------------  T H R E A D  ---------------

Current thread (0x000001e3659173e0):  VMThread "VM Thread" [stack: 0x0000003fa1800000,0x0000003fa1900000] [id=10448]

Stack: [0x0000003fa1800000,0x0000003fa1900000]
Native frames: (J=compiled Java code, j=interpreted, Vv=VM code, C=native code)
V  [jvm.dll+0x67d429]
V  [jvm.dll+0x834b7a]
V  [jvm.dll+0x83663e]
V  [jvm.dll+0x836ca3]
V  [jvm.dll+0x247dbf]
V  [jvm.dll+0xa6cb3]
V  [jvm.dll+0x2f8ad3]
V  [jvm.dll+0x2f4750]
V  [jvm.dll+0x2dcf67]
V  [jvm.dll+0x31fb67]
V  [jvm.dll+0x83b19b]
V  [jvm.dll+0x83bed2]
V  [jvm.dll+0x83c3ed]
V  [jvm.dll+0x83c7c4]
V  [jvm.dll+0x83c890]
V  [jvm.dll+0x7e410a]
V  [jvm.dll+0x67c315]
C  [ucrtbase.dll+0x21bb2]
C  [KERNEL32.DLL+0x17344]
C  [ntdll.dll+0x4cc91]

VM_Operation (0x0000003fa30feeb0): G1CollectFull, mode: safepoint, requested by thread 0x000001e36b38b0e0


---------------  P R O C E S S  ---------------

Threads class SMR info:
_java_thread_list=0x000001e36a848b10, length=28, elements={
0x000001e36592c370, 0x000001e36592d1f0, 0x000001e36595d800, 0x000001e36595e2d0,
0x000001e365a90080, 0x000001e365a92d70, 0x000001e365a93730, 0x000001e365aa1650,
0x000001e365caf8e0, 0x000001e365cb2880, 0x000001e36b38a860, 0x000001e36b38b0e0,
0x000001e36b462040, 0x000001e35aaf2500, 0x000001e36b52ebb0, 0x000001e36b56b4f0,
0x000001e36ac3e960, 0x000001e36ac402b0, 0x000001e36ac3f890, 0x000001e36ac3f380,
0x000001e36ac3e450, 0x000001e36bcce5c0, 0x000001e36bccc760, 0x000001e36a7f2830,
0x000001e36a7f2d40, 0x000001e36a7f1900, 0x000001e36a7f3250, 0x000001e36bccefe0
}

Java Threads: ( => current thread )
  0x000001e36592c370 JavaThread "Reference Handler" daemon [_thread_blocked, id=17816, stack(0x0000003fa1900000,0x0000003fa1a00000)]
  0x000001e36592d1f0 JavaThread "Finalizer" daemon [_thread_blocked, id=10472, stack(0x0000003fa1a00000,0x0000003fa1b00000)]
  0x000001e36595d800 JavaThread "Signal Dispatcher" daemon [_thread_blocked, id=4156, stack(0x0000003fa1b00000,0x0000003fa1c00000)]
  0x000001e36595e2d0 JavaThread "Attach Listener" daemon [_thread_blocked, id=9592, stack(0x0000003fa1c00000,0x0000003fa1d00000)]
  0x000001e365a90080 JavaThread "Service Thread" daemon [_thread_blocked, id=5384, stack(0x0000003fa1d00000,0x0000003fa1e00000)]
  0x000001e365a92d70 JavaThread "Monitor Deflation Thread" daemon [_thread_blocked, id=14704, stack(0x0000003fa1e00000,0x0000003fa1f00000)]
  0x000001e365a93730 JavaThread "C1 CompilerThread0" daemon [_thread_blocked, id=9896, stack(0x0000003fa1f00000,0x0000003fa2000000)]
  0x000001e365aa1650 JavaThread "Sweeper thread" daemon [_thread_blocked, id=16820, stack(0x0000003fa2000000,0x0000003fa2100000)]
  0x000001e365caf8e0 JavaThread "Notification Thread" daemon [_thread_blocked, id=16768, stack(0x0000003fa2300000,0x0000003fa2400000)]
  0x000001e365cb2880 JavaThread "Common-Cleaner" daemon [_thread_blocked, id=3516, stack(0x0000003fa2500000,0x0000003fa2600000)]
  0x000001e36b38a860 JavaThread "boundedElastic-evictor-1" daemon [_thread_blocked, id=17716, stack(0x0000003fa2b00000,0x0000003fa2c00000)]
  0x000001e36b38b0e0 JavaThread "pool-13-thread-1" [_thread_blocked, id=14376, stack(0x0000003fa3000000,0x0000003fa3100000)]
  0x000001e36b462040 JavaThread "LanguageServerApp-lifecycle" [_thread_blocked, id=13236, stack(0x0000003fa3100000,0x0000003fa3200000)]
  0x000001e35aaf2500 JavaThread "DestroyJavaVM" [_thread_blocked, id=17096, stack(0x0000003fa1200000,0x0000003fa1300000)]
  0x000001e36b52ebb0 JavaThread "pool-14-thread-1" [_thread_in_native, id=13484, stack(0x0000003fa3200000,0x0000003fa3300000)]
  0x000001e36b56b4f0 JavaThread "Simple-Language-Server main thread" daemon [_thread_blocked, id=5588, stack(0x0000003fa3300000,0x0000003fa3400000)]
  0x000001e36ac3e960 JavaThread "parallel-1" daemon [_thread_blocked, id=9500, stack(0x0000003fa3600000,0x0000003fa3700000)]
  0x000001e36ac402b0 JavaThread "pool-6-thread-1" [_thread_blocked, id=14992, stack(0x0000003fa3700000,0x0000003fa3800000)]
  0x000001e36ac3f890 JavaThread "parallel-2" daemon [_thread_blocked, id=18304, stack(0x0000003fa3800000,0x0000003fa3900000)]
  0x000001e36ac3f380 JavaThread "pool-8-thread-1" [_thread_blocked, id=14968, stack(0x0000003fa0f00000,0x0000003fa1000000)]
  0x000001e36ac3e450 JavaThread "parallel-3" daemon [_thread_blocked, id=6328, stack(0x0000003fa1000000,0x0000003fa1100000)]
  0x000001e36bcce5c0 JavaThread "Reconciler-1" daemon [_thread_blocked, id=7580, stack(0x0000003fa3c00000,0x0000003fa3d00000)]
  0x000001e36bccc760 JavaThread "parallel-4" daemon [_thread_blocked, id=17572, stack(0x0000003fa3d00000,0x0000003fa3e00000)]
  0x000001e36a7f2830 JavaThread "CompletableFutureDelayScheduler" daemon [_thread_blocked, id=7276, stack(0x0000003fa3e00000,0x0000003fa3f00000)]
  0x000001e36a7f2d40 JavaThread "parallel-5" daemon [_thread_blocked, id=10872, stack(0x0000003fa3400000,0x0000003fa3500000)]
  0x000001e36a7f1900 JavaThread "parallel-6" daemon [_thread_blocked, id=5548, stack(0x0000003fa3500000,0x0000003fa3600000)]
  0x000001e36a7f3250 JavaThread "parallel-7" daemon [_thread_blocked, id=14112, stack(0x0000003fa3900000,0x0000003fa3a00000)]
  0x000001e36bccefe0 JavaThread "parallel-8" daemon [_thread_blocked, id=7860, stack(0x0000003fa3a00000,0x0000003fa3b00000)]

Other Threads:
=>0x000001e3659173e0 VMThread "VM Thread" [stack: 0x0000003fa1800000,0x0000003fa1900000] [id=10448]
  0x000001e365cafdc0 WatcherThread [stack: 0x0000003fa2400000,0x0000003fa2500000] [id=15960]
  0x000001e35ab2fb30 GCTaskThread "GC Thread#0" [stack: 0x0000003fa1300000,0x0000003fa1400000] [id=8384]
  0x000001e36a8fadd0 GCTaskThread "GC Thread#1" [stack: 0x0000003fa2600000,0x0000003fa2700000] [id=14076]
  0x000001e36a8fb090 GCTaskThread "GC Thread#2" [stack: 0x0000003fa2700000,0x0000003fa2800000] [id=15256]
  0x000001e36a944140 GCTaskThread "GC Thread#3" [stack: 0x0000003fa2800000,0x0000003fa2900000] [id=9872]
  0x000001e36a9ff020 GCTaskThread "GC Thread#4" [stack: 0x0000003fa2900000,0x0000003fa2a00000] [id=11968]
  0x000001e36a9ff2e0 GCTaskThread "GC Thread#5" [stack: 0x0000003fa2a00000,0x0000003fa2b00000] [id=17104]
  0x000001e36ae3d8f0 GCTaskThread "GC Thread#6" [stack: 0x0000003fa2d00000,0x0000003fa2e00000] [id=10864]
  0x000001e36ae3dbb0 GCTaskThread "GC Thread#7" [stack: 0x0000003fa2e00000,0x0000003fa2f00000] [id=16616]
  0x000001e35ab38a80 ConcurrentGCThread "G1 Main Marker" [stack: 0x0000003fa1400000,0x0000003fa1500000] [id=4236]
  0x000001e35ab39c40 ConcurrentGCThread "G1 Conc#0" [stack: 0x0000003fa1500000,0x0000003fa1600000] [id=12016]
  0x000001e36ad88c60 ConcurrentGCThread "G1 Conc#1" [stack: 0x0000003fa2f00000,0x0000003fa3000000] [id=13668]
  0x000001e35ab9e780 ConcurrentGCThread "G1 Refine#0" [stack: 0x0000003fa1600000,0x0000003fa1700000] [id=3544]
  0x000001e365784320 ConcurrentGCThread "G1 Service" [stack: 0x0000003fa1700000,0x0000003fa1800000] [id=4612]

Threads with active compile tasks:

VM state: at safepoint (normal execution)

VM Mutex/Monitor currently owned by a thread:  ([mutex/lock_event])
[0x000001e358973d30] Threads_lock - owner thread: 0x000001e3659173e0
[0x000001e35aaf09b0] Heap_lock - owner thread: 0x000001e36b38b0e0

Heap address: 0x00000000c0000000, size: 1024 MB, Compressed Oops mode: 32-bit

CDS archive(s) not mapped
Compressed class space mapped at: 0x0000000100000000-0x0000000140000000, reserved size: 1073741824
Narrow klass base: 0x0000000000000000, Narrow klass shift: 3, Narrow klass range: 0x140000000

GC Precious Log:
 CPUs: 8 total, 8 available
 Memory: 8093M
 Large Page Support: Disabled
 NUMA Support: Disabled
 Compressed Oops: Enabled (32-bit)
 Heap Region Size: 1M
 Heap Min Capacity: 8M
 Heap Initial Capacity: 128M
 Heap Max Capacity: 1G
 Pre-touch: Disabled
 Parallel Workers: 8
 Concurrent Workers: 2
 Concurrent Refinement Workers: 8
 Periodic GC: Disabled

Heap:
 garbage-first heap   total 92160K, used 38790K [0x00000000c0000000, 0x0000000100000000)
  region size 1024K, 1 young (1024K), 0 survivors (0K)
 Metaspace       used 61147K, committed 61568K, reserved 1114112K
  class space    used 7654K, committed 7872K, reserved 1048576K

Heap Regions: E=young(eden), S=young(survivor), O=old, HS=humongous(starts), HC=humongous(continues), CS=collection set, F=free, OA=open archive, CA=closed archive, TAMS=top-at-mark-start (previous, next)
|   0|0x00000000c0000000, 0x00000000c0100000, 0x00000000c0100000|100%|HS|  |TAMS 0x00000000c0100000, 0x00000000c0000000| Untracked 
|   1|0x00000000c0100000, 0x00000000c0200000, 0x00000000c0200000|100%|HC|  |TAMS 0x00000000c0200000, 0x00000000c0100000| Untracked 
|   2|0x00000000c0200000, 0x00000000c0300000, 0x00000000c0300000|100%|HC|  |TAMS 0x00000000c0300000, 0x00000000c0200000| Untracked 
|   3|0x00000000c0300000, 0x00000000c0400000, 0x00000000c0400000|100%|HC|  |TAMS 0x00000000c0400000, 0x00000000c0300000| Untracked 
|   4|0x00000000c0400000, 0x00000000c0500000, 0x00000000c0500000|100%|HS|  |TAMS 0x00000000c0500000, 0x00000000c0400000| Untracked 
|   5|0x00000000c0500000, 0x00000000c0600000, 0x00000000c0600000|100%|HC|  |TAMS 0x00000000c0600000, 0x00000000c0500000| Untracked 
|   6|0x00000000c0600000, 0x00000000c0700000, 0x00000000c0700000|100%| O|  |TAMS 0x00000000c0700000, 0x00000000c0600000| Untracked 
|   7|0x00000000c0700000, 0x00000000c0800000, 0x00000000c0800000|100%| O|  |TAMS 0x00000000c0800000, 0x00000000c0700000| Untracked 
|   8|0x00000000c0800000, 0x00000000c0900000, 0x00000000c0900000|100%| O|  |TAMS 0x00000000c0900000, 0x00000000c0800000| Untracked 
|   9|0x00000000c0900000, 0x00000000c0a00000, 0x00000000c0a00000|100%| O|  |TAMS 0x00000000c0a00000, 0x00000000c0900000| Untracked 
|  10|0x00000000c0a00000, 0x00000000c0b00000, 0x00000000c0b00000|100%| O|  |TAMS 0x00000000c0b00000, 0x00000000c0a00000| Untracked 
|  11|0x00000000c0b00000, 0x00000000c0c00000, 0x00000000c0c00000|100%| O|  |TAMS 0x00000000c0c00000, 0x00000000c0b00000| Untracked 
|  12|0x00000000c0c00000, 0x00000000c0cffff8, 0x00000000c0d00000| 99%| O|  |TAMS 0x00000000c0cffff8, 0x00000000c0c00000| Untracked 
|  13|0x00000000c0d00000, 0x00000000c0e00000, 0x00000000c0e00000|100%| O|  |TAMS 0x00000000c0e00000, 0x00000000c0d00000| Untracked 
|  14|0x00000000c0e00000, 0x00000000c0f00000, 0x00000000c0f00000|100%| O|  |TAMS 0x00000000c0f00000, 0x00000000c0e00000| Untracked 
|  15|0x00000000c0f00000, 0x00000000c1000000, 0x00000000c1000000|100%| O|  |TAMS 0x00000000c1000000, 0x00000000c0f00000| Untracked 
|  16|0x00000000c1000000, 0x00000000c10fffe8, 0x00000000c1100000| 99%| O|  |TAMS 0x00000000c10fffe8, 0x00000000c1000000| Untracked 
|  17|0x00000000c1100000, 0x00000000c1200000, 0x00000000c1200000|100%| O|  |TAMS 0x00000000c1200000, 0x00000000c1100000| Untracked 
|  18|0x00000000c1200000, 0x00000000c12fffe8, 0x00000000c1300000| 99%| O|  |TAMS 0x00000000c12fffe8, 0x00000000c1200000| Untracked 
|  19|0x00000000c1300000, 0x00000000c13f8498, 0x00000000c1400000| 96%| O|  |TAMS 0x00000000c13f8498, 0x00000000c1300000| Untracked 
|  20|0x00000000c1400000, 0x00000000c14fff98, 0x00000000c1500000| 99%| O|  |TAMS 0x00000000c14fff98, 0x00000000c1400000| Untracked 
|  21|0x00000000c1500000, 0x00000000c15fffe0, 0x00000000c1600000| 99%| O|  |TAMS 0x00000000c15fffe0, 0x00000000c1500000| Untracked 
|  22|0x00000000c1600000, 0x00000000c16fffe8, 0x00000000c1700000| 99%| O|  |TAMS 0x00000000c16fffe8, 0x00000000c1600000| Untracked 
|  23|0x00000000c1700000, 0x00000000c17ffa50, 0x00000000c1800000| 99%| O|  |TAMS 0x00000000c17ffa50, 0x00000000c1700000| Untracked 
|  24|0x00000000c1800000, 0x00000000c1900000, 0x00000000c1900000|100%| O|  |TAMS 0x00000000c1900000, 0x00000000c1800000| Untracked 
|  25|0x00000000c1900000, 0x00000000c19ff7f0, 0x00000000c1a00000| 99%| O|  |TAMS 0x00000000c19ff7f0, 0x00000000c1900000| Untracked 
|  26|0x00000000c1a00000, 0x00000000c1b00000, 0x00000000c1b00000|100%| O|  |TAMS 0x00000000c1b00000, 0x00000000c1a00000| Untracked 
|  27|0x00000000c1b00000, 0x00000000c1bffff0, 0x00000000c1c00000| 99%| O|  |TAMS 0x00000000c1bffff0, 0x00000000c1b00000| Untracked 
|  28|0x00000000c1c00000, 0x00000000c1cfffe0, 0x00000000c1d00000| 99%| O|  |TAMS 0x00000000c1cfffe0, 0x00000000c1c00000| Untracked 
|  29|0x00000000c1d00000, 0x00000000c1dfd800, 0x00000000c1e00000| 99%| O|  |TAMS 0x00000000c1dfd800, 0x00000000c1d00000| Untracked 
|  30|0x00000000c1e00000, 0x00000000c1efff98, 0x00000000c1f00000| 99%| O|  |TAMS 0x00000000c1efff98, 0x00000000c1e00000| Untracked 
|  31|0x00000000c1f00000, 0x00000000c2000000, 0x00000000c2000000|100%| O|  |TAMS 0x00000000c2000000, 0x00000000c1f00000| Untracked 
|  32|0x00000000c2000000, 0x00000000c20fbf78, 0x00000000c2100000| 98%| O|  |TAMS 0x00000000c20fbf78, 0x00000000c2000000| Untracked 
|  33|0x00000000c2100000, 0x00000000c21fffb8, 0x00000000c2200000| 99%| O|  |TAMS 0x00000000c21fffb8, 0x00000000c2100000| Untracked 
|  34|0x00000000c2200000, 0x00000000c22ffff8, 0x00000000c2300000| 99%| O|  |TAMS 0x00000000c22ffff8, 0x00000000c2200000| Untracked 
|  35|0x00000000c2300000, 0x00000000c23f02f8, 0x00000000c2400000| 93%| O|  |TAMS 0x00000000c2300000, 0x00000000c2300000| Untracked 
|  36|0x00000000c2400000, 0x00000000c2500000, 0x00000000c2500000|100%|HS|  |TAMS 0x00000000c2500000, 0x00000000c2400000| Untracked 
|  37|0x00000000c2500000, 0x00000000c25ffff8, 0x00000000c2600000| 99%| O|  |TAMS 0x00000000c25ffff8, 0x00000000c2500000| Untracked 
|  38|0x00000000c2600000, 0x00000000c26009a8, 0x00000000c2700000|  0%| O|  |TAMS 0x00000000c2600000, 0x00000000c2600000| Untracked 
|  39|0x00000000c2700000, 0x00000000c2700000, 0x00000000c2800000|  0%| F|  |TAMS 0x00000000c2700000, 0x00000000c2700000| Untracked 
|  40|0x00000000c2800000, 0x00000000c2800000, 0x00000000c2900000|  0%| F|  |TAMS 0x00000000c2800000, 0x00000000c2800000| Untracked 
|  41|0x00000000c2900000, 0x00000000c2900000, 0x00000000c2a00000|  0%| F|  |TAMS 0x00000000c2900000, 0x00000000c2900000| Untracked 
|  42|0x00000000c2a00000, 0x00000000c2a00000, 0x00000000c2b00000|  0%| F|  |TAMS 0x00000000c2a00000, 0x00000000c2a00000| Untracked 
|  43|0x00000000c2b00000, 0x00000000c2b00000, 0x00000000c2c00000|  0%| F|  |TAMS 0x00000000c2b00000, 0x00000000c2b00000| Untracked 
|  44|0x00000000c2c00000, 0x00000000c2c00000, 0x00000000c2d00000|  0%| F|  |TAMS 0x00000000c2c00000, 0x00000000c2c00000| Untracked 
|  45|0x00000000c2d00000, 0x00000000c2d00000, 0x00000000c2e00000|  0%| F|  |TAMS 0x00000000c2d00000, 0x00000000c2d00000| Untracked 
|  46|0x00000000c2e00000, 0x00000000c2e00000, 0x00000000c2f00000|  0%| F|  |TAMS 0x00000000c2e00000, 0x00000000c2e00000| Untracked 
|  47|0x00000000c2f00000, 0x00000000c2f00000, 0x00000000c3000000|  0%| F|  |TAMS 0x00000000c2f00000, 0x00000000c2f00000| Untracked 
|  48|0x00000000c3000000, 0x00000000c3000000, 0x00000000c3100000|  0%| F|  |TAMS 0x00000000c3000000, 0x00000000c3000000| Untracked 
|  49|0x00000000c3100000, 0x00000000c3100000, 0x00000000c3200000|  0%| F|  |TAMS 0x00000000c3100000, 0x00000000c3100000| Untracked 
|  50|0x00000000c3200000, 0x00000000c3200000, 0x00000000c3300000|  0%| F|  |TAMS 0x00000000c3200000, 0x00000000c3200000| Untracked 
|  51|0x00000000c3300000, 0x00000000c3300000, 0x00000000c3400000|  0%| F|  |TAMS 0x00000000c3300000, 0x00000000c3300000| Untracked 
|  52|0x00000000c3400000, 0x00000000c3400000, 0x00000000c3500000|  0%| F|  |TAMS 0x00000000c3400000, 0x00000000c3400000| Untracked 
|  53|0x00000000c3500000, 0x00000000c3500000, 0x00000000c3600000|  0%| F|  |TAMS 0x00000000c3500000, 0x00000000c3500000| Untracked 
|  54|0x00000000c3600000, 0x00000000c3600000, 0x00000000c3700000|  0%| F|  |TAMS 0x00000000c3600000, 0x00000000c3600000| Untracked 
|  55|0x00000000c3700000, 0x00000000c3700000, 0x00000000c3800000|  0%| F|  |TAMS 0x00000000c3700000, 0x00000000c3700000| Untracked 
|  56|0x00000000c3800000, 0x00000000c3800000, 0x00000000c3900000|  0%| F|  |TAMS 0x00000000c3800000, 0x00000000c3800000| Untracked 
|  57|0x00000000c3900000, 0x00000000c3900000, 0x00000000c3a00000|  0%| F|  |TAMS 0x00000000c3900000, 0x00000000c3900000| Untracked 
|  58|0x00000000c3a00000, 0x00000000c3a00000, 0x00000000c3b00000|  0%| F|  |TAMS 0x00000000c3a00000, 0x00000000c3a00000| Untracked 
|  59|0x00000000c3b00000, 0x00000000c3b00000, 0x00000000c3c00000|  0%| F|  |TAMS 0x00000000c3b00000, 0x00000000c3b00000| Untracked 
|  60|0x00000000c3c00000, 0x00000000c3c00000, 0x00000000c3d00000|  0%| F|  |TAMS 0x00000000c3c00000, 0x00000000c3c00000| Untracked 
|  61|0x00000000c3d00000, 0x00000000c3d00000, 0x00000000c3e00000|  0%| F|  |TAMS 0x00000000c3d00000, 0x00000000c3d00000| Untracked 
|  62|0x00000000c3e00000, 0x00000000c3e00000, 0x00000000c3f00000|  0%| F|  |TAMS 0x00000000c3e00000, 0x00000000c3e00000| Untracked 
|  63|0x00000000c3f00000, 0x00000000c3f00000, 0x00000000c4000000|  0%| F|  |TAMS 0x00000000c3f00000, 0x00000000c3f00000| Untracked 
|  64|0x00000000c4000000, 0x00000000c4000000, 0x00000000c4100000|  0%| F|  |TAMS 0x00000000c4000000, 0x00000000c4000000| Untracked 
|  65|0x00000000c4100000, 0x00000000c4100000, 0x00000000c4200000|  0%| F|  |TAMS 0x00000000c4100000, 0x00000000c4100000| Untracked 
|  66|0x00000000c4200000, 0x00000000c4200000, 0x00000000c4300000|  0%| F|  |TAMS 0x00000000c4200000, 0x00000000c4200000| Untracked 
|  67|0x00000000c4300000, 0x00000000c4300000, 0x00000000c4400000|  0%| F|  |TAMS 0x00000000c4300000, 0x00000000c4300000| Untracked 
|  68|0x00000000c4400000, 0x00000000c4400000, 0x00000000c4500000|  0%| F|  |TAMS 0x00000000c4400000, 0x00000000c4400000| Untracked 
|  69|0x00000000c4500000, 0x00000000c4500000, 0x00000000c4600000|  0%| F|  |TAMS 0x00000000c4500000, 0x00000000c4500000| Untracked 
|  70|0x00000000c4600000, 0x00000000c4600000, 0x00000000c4700000|  0%| F|  |TAMS 0x00000000c4600000, 0x00000000c4600000| Untracked 
|  71|0x00000000c4700000, 0x00000000c4700000, 0x00000000c4800000|  0%| F|  |TAMS 0x00000000c4700000, 0x00000000c4700000| Untracked 
|  72|0x00000000c4800000, 0x00000000c4800000, 0x00000000c4900000|  0%| F|  |TAMS 0x00000000c4800000, 0x00000000c4800000| Untracked 
|  73|0x00000000c4900000, 0x00000000c4900000, 0x00000000c4a00000|  0%| F|  |TAMS 0x00000000c4900000, 0x00000000c4900000| Untracked 
|  74|0x00000000c4a00000, 0x00000000c4a00000, 0x00000000c4b00000|  0%| F|  |TAMS 0x00000000c4a00000, 0x00000000c4a00000| Untracked 
|  75|0x00000000c4b00000, 0x00000000c4b00000, 0x00000000c4c00000|  0%| F|  |TAMS 0x00000000c4b00000, 0x00000000c4b00000| Untracked 
|  76|0x00000000c4c00000, 0x00000000c4c00000, 0x00000000c4d00000|  0%| F|  |TAMS 0x00000000c4c00000, 0x00000000c4c00000| Untracked 
|  77|0x00000000c4d00000, 0x00000000c4d00000, 0x00000000c4e00000|  0%| F|  |TAMS 0x00000000c4d00000, 0x00000000c4d00000| Untracked 
|  78|0x00000000c4e00000, 0x00000000c4e00000, 0x00000000c4f00000|  0%| F|  |TAMS 0x00000000c4e00000, 0x00000000c4e00000| Untracked 
|  79|0x00000000c4f00000, 0x00000000c4f00000, 0x00000000c5000000|  0%| F|  |TAMS 0x00000000c4f00000, 0x00000000c4f00000| Untracked 
|  80|0x00000000c5000000, 0x00000000c5000000, 0x00000000c5100000|  0%| F|  |TAMS 0x00000000c5000000, 0x00000000c5000000| Untracked 
|  81|0x00000000c5100000, 0x00000000c5100000, 0x00000000c5200000|  0%| F|  |TAMS 0x00000000c5100000, 0x00000000c5100000| Untracked 
|  82|0x00000000c5200000, 0x00000000c5200000, 0x00000000c5300000|  0%| F|  |TAMS 0x00000000c5200000, 0x00000000c5200000| Untracked 
|  83|0x00000000c5300000, 0x00000000c5300000, 0x00000000c5400000|  0%| F|  |TAMS 0x00000000c5300000, 0x00000000c5300000| Untracked 
|  84|0x00000000c5400000, 0x00000000c5400000, 0x00000000c5500000|  0%| F|  |TAMS 0x00000000c5400000, 0x00000000c5400000| Untracked 
|  85|0x00000000c5500000, 0x00000000c5500000, 0x00000000c5600000|  0%| F|  |TAMS 0x00000000c5500000, 0x00000000c5500000| Untracked 
|  86|0x00000000c5600000, 0x00000000c5600000, 0x00000000c5700000|  0%| F|  |TAMS 0x00000000c5600000, 0x00000000c5600000| Untracked 
|  87|0x00000000c5700000, 0x00000000c5700000, 0x00000000c5800000|  0%| F|  |TAMS 0x00000000c5700000, 0x00000000c5700000| Untracked 
|  88|0x00000000c5800000, 0x00000000c5800000, 0x00000000c5900000|  0%| F|  |TAMS 0x00000000c5800000, 0x00000000c5800000| Untracked 
|  89|0x00000000c5900000, 0x00000000c590a478, 0x00000000c5a00000|  4%| E|  |TAMS 0x00000000c5900000, 0x00000000c5900000| Complete 

Card table byte_map: [0x000001e360a90000,0x000001e360c90000] _byte_map_base: 0x000001e360490000

Marking Bits (Prev, Next): (CMBitMap*) 0x000001e35ab30190, (CMBitMap*) 0x000001e35ab30150
 Prev Bits: [0x000001e361e90000, 0x000001e362e90000)
 Next Bits: [0x000001e360e90000, 0x000001e361e90000)

Polling page: 0x000001e35a2a0000

Metaspace:

Usage:
  Non-class:     52.24 MB used.
      Class:      7.48 MB used.
       Both:     59.71 MB used.

Virtual space:
  Non-class space:       64.00 MB reserved,      52.44 MB ( 82%) committed,  1 nodes.
      Class space:        1.00 GB reserved,       7.69 MB ( <1%) committed,  1 nodes.
             Both:        1.06 GB reserved,      60.12 MB (  6%) committed. 

Chunk freelists:
   Non-Class:  10.77 MB
       Class:  8.27 MB
        Both:  19.05 MB

MaxMetaspaceSize: unlimited
CompressedClassSpaceSize: 1.00 GB
Initial GC threshold: 21.00 MB
Current GC threshold: 100.25 MB
CDS: off
MetaspaceReclaimPolicy: balanced
 - commit_granule_bytes: 65536.
 - commit_granule_words: 8192.
 - virtual_space_node_default_size: 8388608.
 - enlarge_chunks_in_place: 1.
 - new_chunks_are_fully_committed: 0.
 - uncommit_free_chunks: 1.
 - use_allocation_guard: 0.
 - handle_deallocations: 1.


Internal statistics:

num_allocs_failed_limit: 8.
num_arena_births: 878.
num_arena_deaths: 370.
num_vsnodes_births: 2.
num_vsnodes_deaths: 0.
num_space_committed: 962.
num_space_uncommitted: 0.
num_chunks_returned_to_freelist: 437.
num_chunks_taken_from_freelist: 2980.
num_chunk_merges: 154.
num_chunk_splits: 1950.
num_chunks_enlarged: 1454.
num_inconsistent_stats: 0.

CodeCache: size=49152Kb used=14286Kb max_used=15106Kb free=34865Kb
 bounds [0x000001e35d780000, 0x000001e35e6f0000, 0x000001e360780000]
 total_blobs=8330 nmethods=7649 adapters=607
 compilation: enabled
              stopped_count=0, restarted_count=0
 full_count=0

Compilation events (20 events):
Event: 51245.547 Thread 0x000001e365a93730 nmethod 7643 0x000001e35e525d90 code [0x000001e35e526040, 0x000001e35e5267a8]
Event: 51245.547 Thread 0x000001e365a93730 7650  s    1       org.eclipse.jdt.core.dom.DefaultBindingResolver::getCorrespondingNode (14 bytes)
Event: 51245.548 Thread 0x000001e365a93730 nmethod 7650 0x000001e35e525910 code [0x000001e35e525ac0, 0x000001e35e525c88]
Event: 51245.549 Thread 0x000001e365a93730 7651       1       java.net.URI::equals (223 bytes)
Event: 51245.553 Thread 0x000001e365a93730 nmethod 7651 0x000001e35e524e10 code [0x000001e35e525080, 0x000001e35e525758]
Event: 51245.553 Thread 0x000001e365a93730 7645       1       org.eclipse.jdt.internal.compiler.ast.MessageSend::yieldQualifiedCheck (47 bytes)
Event: 51245.555 Thread 0x000001e365a93730 nmethod 7645 0x000001e35e524810 code [0x000001e35e5249e0, 0x000001e35e524c18]
Event: 51245.556 Thread 0x000001e365a93730 7646       1       org.eclipse.jdt.internal.compiler.ast.MessageSend::receiverIsImplicitThis (8 bytes)
Event: 51245.556 Thread 0x000001e365a93730 nmethod 7646 0x000001e35e524510 code [0x000001e35e5246a0, 0x000001e35e524788]
Event: 51245.556 Thread 0x000001e365a93730 7641       1       org.eclipse.jdt.internal.compiler.ast.MessageSend::findMethodBinding (170 bytes)
Event: 51245.561 Thread 0x000001e365a93730 nmethod 7641 0x000001e35e523910 code [0x000001e35e523b20, 0x000001e35e524218]
Event: 51245.561 Thread 0x000001e365a93730 7642   !   1       org.eclipse.jdt.internal.compiler.lookup.Scope::getMethod (336 bytes)
Event: 51245.564 Thread 0x000001e36c5ad860 nmethod 7644 0x000001e35e520590 code [0x000001e35e520ac0, 0x000001e35e5223f8]
Event: 51245.565 Thread 0x000001e36c5ad860 7648       1       org.eclipse.jdt.internal.compiler.lookup.RawTypeBinding::kind (4 bytes)
Event: 51245.565 Thread 0x000001e36c5ad860 nmethod 7648 0x000001e35e520290 code [0x000001e35e520420, 0x000001e35e5204f8]
Event: 51245.565 Thread 0x000001e36c5ad860 7649       1       org.eclipse.jdt.internal.compiler.lookup.RawTypeBinding::enclosingType (5 bytes)
Event: 51245.566 Thread 0x000001e36c5ad860 nmethod 7649 0x000001e35e51ff90 code [0x000001e35e520120, 0x000001e35e5201f8]
Event: 51245.575 Thread 0x000001e365a93730 nmethod 7642 0x000001e35e51e090 code [0x000001e35e51e3c0, 0x000001e35e51f218]
Event: 52881.843 Thread 0x000001e365a93730 7652       1       java.lang.Integer::formatUnsignedInt (40 bytes)
Event: 52881.844 Thread 0x000001e365a93730 nmethod 7652 0x000001e35e51dc90 code [0x000001e35e51de20, 0x000001e35e51df58]

GC Heap History (20 events):
Event: 54586.569 GC heap before
{Heap before GC invocations=1752 (full 1733):
 garbage-first heap   total 92160K, used 38790K [0x00000000c0000000, 0x0000000100000000)
  region size 1024K, 1 young (1024K), 0 survivors (0K)
 Metaspace       used 61147K, committed 61568K, reserved 1114112K
  class space    used 7654K, committed 7872K, reserved 1048576K
}
Event: 54586.696 GC heap after
{Heap after GC invocations=1753 (full 1734):
 garbage-first heap   total 92160K, used 38790K [0x00000000c0000000, 0x0000000100000000)
  region size 1024K, 0 young (0K), 0 survivors (0K)
 Metaspace       used 61147K, committed 61568K, reserved 1114112K
  class space    used 7654K, committed 7872K, reserved 1048576K
}
Event: 54597.139 GC heap before
{Heap before GC invocations=1753 (full 1734):
 garbage-first heap   total 92160K, used 38790K [0x00000000c0000000, 0x0000000100000000)
  region size 1024K, 1 young (1024K), 0 survivors (0K)
 Metaspace       used 61147K, committed 61568K, reserved 1114112K
  class space    used 7654K, committed 7872K, reserved 1048576K
}
Event: 54597.268 GC heap after
{Heap after GC invocations=1754 (full 1735):
 garbage-first heap   total 92160K, used 38790K [0x00000000c0000000, 0x0000000100000000)
  region size 1024K, 0 young (0K), 0 survivors (0K)
 Metaspace       used 61147K, committed 61568K, reserved 1114112K
  class space    used 7654K, committed 7872K, reserved 1048576K
}
Event: 54607.711 GC heap before
{Heap before GC invocations=1754 (full 1735):
 garbage-first heap   total 92160K, used 38790K [0x00000000c0000000, 0x0000000100000000)
  region size 1024K, 1 young (1024K), 0 survivors (0K)
 Metaspace       used 61147K, committed 61568K, reserved 1114112K
  class space    used 7654K, committed 7872K, reserved 1048576K
}
Event: 54607.838 GC heap after
{Heap after GC invocations=1755 (full 1736):
 garbage-first heap   total 92160K, used 38790K [0x00000000c0000000, 0x0000000100000000)
  region size 1024K, 0 young (0K), 0 survivors (0K)
 Metaspace       used 61147K, committed 61568K, reserved 1114112K
  class space    used 7654K, committed 7872K, reserved 1048576K
}
Event: 54618.279 GC heap before
{Heap before GC invocations=1755 (full 1736):
 garbage-first heap   total 92160K, used 38790K [0x00000000c0000000, 0x0000000100000000)
  region size 1024K, 1 young (1024K), 0 survivors (0K)
 Metaspace       used 61147K, committed 61568K, reserved 1114112K
  class space    used 7654K, committed 7872K, reserved 1048576K
}
Event: 54618.404 GC heap after
{Heap after GC invocations=1756 (full 1737):
 garbage-first heap   total 92160K, used 38790K [0x00000000c0000000, 0x0000000100000000)
  region size 1024K, 0 young (0K), 0 survivors (0K)
 Metaspace       used 61147K, committed 61568K, reserved 1114112K
  class space    used 7654K, committed 7872K, reserved 1048576K
}
Event: 54628.835 GC heap before
{Heap before GC invocations=1756 (full 1737):
 garbage-first heap   total 92160K, used 38790K [0x00000000c0000000, 0x0000000100000000)
  region size 1024K, 1 young (1024K), 0 survivors (0K)
 Metaspace       used 61147K, committed 61568K, reserved 1114112K
  class space    used 7654K, committed 7872K, reserved 1048576K
}
Event: 54628.987 GC heap after
{Heap after GC invocations=1757 (full 1738):
 garbage-first heap   total 92160K, used 38790K [0x00000000c0000000, 0x0000000100000000)
  region size 1024K, 0 young (0K), 0 survivors (0K)
 Metaspace       used 61147K, committed 61568K, reserved 1114112K
  class space    used 7654K, committed 7872K, reserved 1048576K
}
Event: 54639.482 GC heap before
{Heap before GC invocations=1757 (full 1738):
 garbage-first heap   total 92160K, used 38790K [0x00000000c0000000, 0x0000000100000000)
  region size 1024K, 1 young (1024K), 0 survivors (0K)
 Metaspace       used 61147K, committed 61568K, reserved 1114112K
  class space    used 7654K, committed 7872K, reserved 1048576K
}
Event: 54639.634 GC heap after
{Heap after GC invocations=1758 (full 1739):
 garbage-first heap   total 92160K, used 38790K [0x00000000c0000000, 0x0000000100000000)
  region size 1024K, 0 young (0K), 0 survivors (0K)
 Metaspace       used 61147K, committed 61568K, reserved 1114112K
  class space    used 7654K, committed 7872K, reserved 1048576K
}
Event: 54650.085 GC heap before
{Heap before GC invocations=1758 (full 1739):
 garbage-first heap   total 92160K, used 38790K [0x00000000c0000000, 0x0000000100000000)
  region size 1024K, 1 young (1024K), 0 survivors (0K)
 Metaspace       used 61147K, committed 61568K, reserved 1114112K
  class space    used 7654K, committed 7872K, reserved 1048576K
}
Event: 54650.212 GC heap after
{Heap after GC invocations=1759 (full 1740):
 garbage-first heap   total 92160K, used 38790K [0x00000000c0000000, 0x0000000100000000)
  region size 1024K, 0 young (0K), 0 survivors (0K)
 Metaspace       used 61147K, committed 61568K, reserved 1114112K
  class space    used 7654K, committed 7872K, reserved 1048576K
}
Event: 54660.681 GC heap before
{Heap before GC invocations=1759 (full 1740):
 garbage-first heap   total 92160K, used 38790K [0x00000000c0000000, 0x0000000100000000)
  region size 1024K, 1 young (1024K), 0 survivors (0K)
 Metaspace       used 61147K, committed 61568K, reserved 1114112K
  class space    used 7654K, committed 7872K, reserved 1048576K
}
Event: 54660.814 GC heap after
{Heap after GC invocations=1760 (full 1741):
 garbage-first heap   total 92160K, used 38790K [0x00000000c0000000, 0x0000000100000000)
  region size 1024K, 0 young (0K), 0 survivors (0K)
 Metaspace       used 61147K, committed 61568K, reserved 1114112K
  class space    used 7654K, committed 7872K, reserved 1048576K
}
Event: 54671.270 GC heap before
{Heap before GC invocations=1760 (full 1741):
 garbage-first heap   total 92160K, used 38790K [0x00000000c0000000, 0x0000000100000000)
  region size 1024K, 1 young (1024K), 0 survivors (0K)
 Metaspace       used 61147K, committed 61568K, reserved 1114112K
  class space    used 7654K, committed 7872K, reserved 1048576K
}
Event: 54671.399 GC heap after
{Heap after GC invocations=1761 (full 1742):
 garbage-first heap   total 92160K, used 38790K [0x00000000c0000000, 0x0000000100000000)
  region size 1024K, 0 young (0K), 0 survivors (0K)
 Metaspace       used 61147K, committed 61568K, reserved 1114112K
  class space    used 7654K, committed 7872K, reserved 1048576K
}
Event: 54682.030 GC heap before
{Heap before GC invocations=1761 (full 1742):
 garbage-first heap   total 92160K, used 38790K [0x00000000c0000000, 0x0000000100000000)
  region size 1024K, 1 young (1024K), 0 survivors (0K)
 Metaspace       used 61147K, committed 61568K, reserved 1114112K
  class space    used 7654K, committed 7872K, reserved 1048576K
}
Event: 54682.198 GC heap after
{Heap after GC invocations=1762 (full 1743):
 garbage-first heap   total 92160K, used 38790K [0x00000000c0000000, 0x0000000100000000)
  region size 1024K, 0 young (0K), 0 survivors (0K)
 Metaspace       used 61147K, committed 61568K, reserved 1114112K
  class space    used 7654K, committed 7872K, reserved 1048576K
}

Dll operation events (10 events):
Event: 0.012 Loaded shared library c:\Users\E480\.vscode\extensions\redhat.java-1.32.0-win32-x64\jre\17.0.11-win32-x86_64\bin\java.dll
Event: 0.318 Loaded shared library C:\Users\E480\.vscode\extensions\redhat.java-1.32.0-win32-x64\jre\17.0.11-win32-x86_64\bin\net.dll
Event: 0.320 Loaded shared library C:\Users\E480\.vscode\extensions\redhat.java-1.32.0-win32-x64\jre\17.0.11-win32-x86_64\bin\nio.dll
Event: 0.331 Loaded shared library C:\Users\E480\.vscode\extensions\redhat.java-1.32.0-win32-x64\jre\17.0.11-win32-x86_64\bin\zip.dll
Event: 0.598 Loaded shared library C:\Users\E480\.vscode\extensions\redhat.java-1.32.0-win32-x64\jre\17.0.11-win32-x86_64\bin\jimage.dll
Event: 1.985 Loaded shared library c:\Users\E480\.vscode\extensions\redhat.java-1.32.0-win32-x64\jre\17.0.11-win32-x86_64\bin\verify.dll
Event: 3.398 Loaded shared library C:\Users\E480\.vscode\extensions\redhat.java-1.32.0-win32-x64\jre\17.0.11-win32-x86_64\bin\management.dll
Event: 3.400 Loaded shared library C:\Users\E480\.vscode\extensions\redhat.java-1.32.0-win32-x64\jre\17.0.11-win32-x86_64\bin\management_ext.dll
Event: 4.386 Loaded shared library C:\Users\E480\.vscode\extensions\redhat.java-1.32.0-win32-x64\jre\17.0.11-win32-x86_64\bin\sunmscapi.dll
Event: 4.564 Loaded shared library C:\Users\E480\.vscode\extensions\redhat.java-1.32.0-win32-x64\jre\17.0.11-win32-x86_64\bin\extnet.dll

Deoptimization events (20 events):
Event: 442.077 Thread 0x000001e36bccf4f0 DEOPT PACKING pc=0x000001e35deec324 sp=0x0000003fa41fe7c0
Event: 442.077 Thread 0x000001e36bccf4f0 DEOPT UNPACKING pc=0x000001e35d7d7143 sp=0x0000003fa41fdca8 mode 0
Event: 442.078 Thread 0x000001e36bccf4f0 DEOPT PACKING pc=0x000001e35deec324 sp=0x0000003fa41fed50
Event: 442.078 Thread 0x000001e36bccf4f0 DEOPT UNPACKING pc=0x000001e35d7d7143 sp=0x0000003fa41fe238 mode 0
Event: 442.082 Thread 0x000001e36bcccc70 DEOPT PACKING pc=0x000001e35deec324 sp=0x0000003fa43fe690
Event: 442.082 Thread 0x000001e36bcccc70 DEOPT UNPACKING pc=0x000001e35d7d7143 sp=0x0000003fa43fdb78 mode 0
Event: 442.082 Thread 0x000001e36bcccc70 DEOPT PACKING pc=0x000001e35deec324 sp=0x0000003fa43fec20
Event: 442.082 Thread 0x000001e36bcccc70 DEOPT UNPACKING pc=0x000001e35d7d7143 sp=0x0000003fa43fe108 mode 0
Event: 1186.683 Thread 0x000001e36ac402b0 DEOPT PACKING pc=0x000001e35dffa90c sp=0x0000003fa37fe160
Event: 1186.683 Thread 0x000001e36ac402b0 DEOPT UNPACKING pc=0x000001e35d7d7143 sp=0x0000003fa37fd6c8 mode 0
Event: 1186.683 Thread 0x000001e36ac402b0 DEOPT PACKING pc=0x000001e35e05e84c sp=0x0000003fa37fe290
Event: 1186.683 Thread 0x000001e36ac402b0 DEOPT UNPACKING pc=0x000001e35d7d7143 sp=0x0000003fa37fd770 mode 0
Event: 1186.683 Thread 0x000001e36ac402b0 DEOPT PACKING pc=0x000001e35dffa90c sp=0x0000003fa37fe3c0
Event: 1186.683 Thread 0x000001e36ac402b0 DEOPT UNPACKING pc=0x000001e35d7d7143 sp=0x0000003fa37fd928 mode 0
Event: 1186.683 Thread 0x000001e36ac402b0 DEOPT PACKING pc=0x000001e35e05e84c sp=0x0000003fa37fe4f0
Event: 1186.683 Thread 0x000001e36ac402b0 DEOPT UNPACKING pc=0x000001e35d7d7143 sp=0x0000003fa37fd9e8 mode 0
Event: 1186.686 Thread 0x000001e36ac402b0 DEOPT PACKING pc=0x000001e35dffa90c sp=0x0000003fa37fe860
Event: 1186.686 Thread 0x000001e36ac402b0 DEOPT UNPACKING pc=0x000001e35d7d7143 sp=0x0000003fa37fddc8 mode 0
Event: 1186.686 Thread 0x000001e36ac402b0 DEOPT PACKING pc=0x000001e35e05e84c sp=0x0000003fa37fe990
Event: 1186.686 Thread 0x000001e36ac402b0 DEOPT UNPACKING pc=0x000001e35d7d7143 sp=0x0000003fa37fde88 mode 0

Classes unloaded (20 events):
Event: 1284.928 Thread 0x000001e3659173e0 Unloading class 0x0000000100784400 'java/lang/invoke/LambdaForm$MH+0x0000000100784400'
Event: 1284.928 Thread 0x000001e3659173e0 Unloading class 0x0000000100784000 'java/lang/invoke/LambdaForm$MH+0x0000000100784000'
Event: 1284.928 Thread 0x000001e3659173e0 Unloading class 0x0000000100774400 'java/lang/invoke/LambdaForm$MH+0x0000000100774400'
Event: 1284.928 Thread 0x000001e3659173e0 Unloading class 0x0000000100774000 'java/lang/invoke/LambdaForm$MH+0x0000000100774000'
Event: 1365.760 Thread 0x000001e3659173e0 Unloading class 0x0000000100792000 'java/lang/invoke/LambdaForm$MH+0x0000000100792000'
Event: 1365.760 Thread 0x000001e3659173e0 Unloading class 0x0000000100791c00 'java/lang/invoke/LambdaForm$MH+0x0000000100791c00'
Event: 1365.760 Thread 0x000001e3659173e0 Unloading class 0x0000000100791800 'java/lang/invoke/LambdaForm$MH+0x0000000100791800'
Event: 1365.760 Thread 0x000001e3659173e0 Unloading class 0x0000000100791400 'java/lang/invoke/LambdaForm$MH+0x0000000100791400'
Event: 1365.760 Thread 0x000001e3659173e0 Unloading class 0x0000000100791000 'java/lang/invoke/LambdaForm$MH+0x0000000100791000'
Event: 1365.760 Thread 0x000001e3659173e0 Unloading class 0x0000000100790c00 'java/lang/invoke/LambdaForm$MH+0x0000000100790c00'
Event: 1365.760 Thread 0x000001e3659173e0 Unloading class 0x0000000100779000 'java/lang/invoke/LambdaForm$MH+0x0000000100779000'
Event: 1365.760 Thread 0x000001e3659173e0 Unloading class 0x0000000100774400 'java/lang/invoke/LambdaForm$MH+0x0000000100774400'
Event: 1365.760 Thread 0x000001e3659173e0 Unloading class 0x0000000100774000 'java/lang/invoke/LambdaForm$MH+0x0000000100774000'
Event: 1365.760 Thread 0x000001e3659173e0 Unloading class 0x0000000100785400 'java/lang/invoke/LambdaForm$MH+0x0000000100785400'
Event: 1365.760 Thread 0x000001e3659173e0 Unloading class 0x0000000100785000 'java/lang/invoke/LambdaForm$MH+0x0000000100785000'
Event: 1365.760 Thread 0x000001e3659173e0 Unloading class 0x0000000100775800 'java/lang/invoke/LambdaForm$MH+0x0000000100775800'
Event: 1375.918 Thread 0x000001e3659173e0 Unloading class 0x0000000100793400 'java/lang/invoke/LambdaForm$MH+0x0000000100793400'
Event: 1375.918 Thread 0x000001e3659173e0 Unloading class 0x0000000100793000 'java/lang/invoke/LambdaForm$MH+0x0000000100793000'
Event: 1375.918 Thread 0x000001e3659173e0 Unloading class 0x0000000100792c00 'java/lang/invoke/LambdaForm$MH+0x0000000100792c00'
Event: 1375.918 Thread 0x000001e3659173e0 Unloading class 0x0000000100792800 'java/lang/invoke/LambdaForm$MH+0x0000000100792800'

Classes redefined (0 events):
No events

Internal exceptions (20 events):
Event: 1302.521 Thread 0x000001e36bcce5c0 Exception <a 'sun/nio/fs/WindowsException'{0x00000000c59eeaa0}> (0x00000000c59eeaa0) 
thrown [s\src\hotspot\share\prims\jni.cpp, line 516]
Event: 1302.521 Thread 0x000001e36bcce5c0 Exception <a 'sun/nio/fs/WindowsException'{0x00000000c59eee48}> (0x00000000c59eee48) 
thrown [s\src\hotspot\share\prims\jni.cpp, line 516]
Event: 1302.521 Thread 0x000001e36bcce5c0 Exception <a 'sun/nio/fs/WindowsException'{0x00000000c59efda0}> (0x00000000c59efda0) 
thrown [s\src\hotspot\share\prims\jni.cpp, line 516]
Event: 1302.521 Thread 0x000001e36bcce5c0 Exception <a 'sun/nio/fs/WindowsException'{0x00000000c59f0188}> (0x00000000c59f0188) 
thrown [s\src\hotspot\share\prims\jni.cpp, line 516]
Event: 1302.521 Thread 0x000001e36bcce5c0 Exception <a 'sun/nio/fs/WindowsException'{0x00000000c59f0ed0}> (0x00000000c59f0ed0) 
thrown [s\src\hotspot\share\prims\jni.cpp, line 516]
Event: 1302.521 Thread 0x000001e36bcce5c0 Exception <a 'sun/nio/fs/WindowsException'{0x00000000c59f1600}> (0x00000000c59f1600) 
thrown [s\src\hotspot\share\prims\jni.cpp, line 516]
Event: 1302.521 Thread 0x000001e36bcce5c0 Exception <a 'sun/nio/fs/WindowsException'{0x00000000c59f19a8}> (0x00000000c59f19a8) 
thrown [s\src\hotspot\share\prims\jni.cpp, line 516]
Event: 1302.521 Thread 0x000001e36bcce5c0 Exception <a 'sun/nio/fs/WindowsException'{0x00000000c59f2900}> (0x00000000c59f2900) 
thrown [s\src\hotspot\share\prims\jni.cpp, line 516]
Event: 1302.521 Thread 0x000001e36bcce5c0 Exception <a 'sun/nio/fs/WindowsException'{0x00000000c59f2ce8}> (0x00000000c59f2ce8) 
thrown [s\src\hotspot\share\prims\jni.cpp, line 516]
Event: 1302.706 Thread 0x000001e36bcce5c0 Exception <a 'sun/nio/fs/WindowsException'{0x00000000c4f29128}> (0x00000000c4f29128) 
thrown [s\src\hotspot\share\prims\jni.cpp, line 516]
Event: 1302.706 Thread 0x000001e36bcce5c0 Exception <a 'sun/nio/fs/WindowsException'{0x00000000c4f29818}> (0x00000000c4f29818) 
thrown [s\src\hotspot\share\prims\jni.cpp, line 516]
Event: 1302.706 Thread 0x000001e36bcce5c0 Exception <a 'sun/nio/fs/WindowsException'{0x00000000c4f29ba0}> (0x00000000c4f29ba0) 
thrown [s\src\hotspot\share\prims\jni.cpp, line 516]
Event: 1302.707 Thread 0x000001e36bcce5c0 Exception <a 'sun/nio/fs/WindowsException'{0x00000000c4f2ab30}> (0x00000000c4f2ab30) 
thrown [s\src\hotspot\share\prims\jni.cpp, line 516]
Event: 1302.707 Thread 0x000001e36bcce5c0 Exception <a 'sun/nio/fs/WindowsException'{0x00000000c4f2aef0}> (0x00000000c4f2aef0) 
thrown [s\src\hotspot\share\prims\jni.cpp, line 516]
Event: 1302.707 Thread 0x000001e36bcce5c0 Exception <a 'sun/nio/fs/WindowsException'{0x00000000c4f2bc38}> (0x00000000c4f2bc38) 
thrown [s\src\hotspot\share\prims\jni.cpp, line 516]
Event: 1302.707 Thread 0x000001e36bcce5c0 Exception <a 'sun/nio/fs/WindowsException'{0x00000000c4f2c368}> (0x00000000c4f2c368) 
thrown [s\src\hotspot\share\prims\jni.cpp, line 516]
Event: 1302.707 Thread 0x000001e36bcce5c0 Exception <a 'sun/nio/fs/WindowsException'{0x00000000c4f2c710}> (0x00000000c4f2c710) 
thrown [s\src\hotspot\share\prims\jni.cpp, line 516]
Event: 1302.707 Thread 0x000001e36bcce5c0 Exception <a 'sun/nio/fs/WindowsException'{0x00000000c4f2d668}> (0x00000000c4f2d668) 
thrown [s\src\hotspot\share\prims\jni.cpp, line 516]
Event: 1302.707 Thread 0x000001e36bcce5c0 Exception <a 'sun/nio/fs/WindowsException'{0x00000000c4f2da50}> (0x00000000c4f2da50) 
thrown [s\src\hotspot\share\prims\jni.cpp, line 516]
Event: 1415.436 Thread 0x000001e36bccf4f0 Exception <a 'java/lang/NoSuchMethodError'{0x00000000c5917e78}: 'java.lang.Object java.lang.invoke.DirectMethodHandle$Holder.invokeStatic(java.lang.Object, java.lang.Object, java.lang.Object, java.lang.Object, int)'> (0x00000000c5917e78) 
thrown [s\src\hotspot\share\interpreter\linkResolver.cpp, line 759]

VM Operations (20 events):
Event: 54586.697 Executing VM operation: G1CollectFull done
Event: 54597.138 Executing VM operation: G1CollectFull
Event: 54597.269 Executing VM operation: G1CollectFull done
Event: 54607.710 Executing VM operation: G1CollectFull
Event: 54607.838 Executing VM operation: G1CollectFull done
Event: 54618.279 Executing VM operation: G1CollectFull
Event: 54618.404 Executing VM operation: G1CollectFull done
Event: 54628.835 Executing VM operation: G1CollectFull
Event: 54628.987 Executing VM operation: G1CollectFull done
Event: 54639.482 Executing VM operation: G1CollectFull
Event: 54639.635 Executing VM operation: G1CollectFull done
Event: 54650.085 Executing VM operation: G1CollectFull
Event: 54650.213 Executing VM operation: G1CollectFull done
Event: 54660.681 Executing VM operation: G1CollectFull
Event: 54660.814 Executing VM operation: G1CollectFull done
Event: 54671.270 Executing VM operation: G1CollectFull
Event: 54671.399 Executing VM operation: G1CollectFull done
Event: 54682.030 Executing VM operation: G1CollectFull
Event: 54682.198 Executing VM operation: G1CollectFull done
Event: 54692.980 Executing VM operation: G1CollectFull

Events (20 events):
Event: 4791.374 Thread 0x000001e36bccd690 Thread exited: 0x000001e36bccd690
Event: 4796.301 Thread 0x000001e36bccd180 Thread exited: 0x000001e36bccd180
Event: 39557.663 Thread 0x000001e36bccf4f0 Thread added: 0x000001e36bccf4f0
Event: 39557.680 Thread 0x000001e36bccd180 Thread added: 0x000001e36bccd180
Event: 39558.155 Thread 0x000001e36a6ca450 Thread added: 0x000001e36a6ca450
Event: 39563.175 Thread 0x000001e36a6ca450 Thread exited: 0x000001e36a6ca450
Event: 39618.169 Thread 0x000001e36bccd180 Thread exited: 0x000001e36bccd180
Event: 39618.418 Thread 0x000001e36bccf4f0 Thread exited: 0x000001e36bccf4f0
Event: 47067.500 Thread 0x000001e36bcce0b0 Thread added: 0x000001e36bcce0b0
Event: 47067.506 Thread 0x000001e36bccead0 Thread added: 0x000001e36bccead0
Event: 47127.585 Thread 0x000001e36bccead0 Thread exited: 0x000001e36bccead0
Event: 47133.381 Thread 0x000001e36bcce0b0 Thread exited: 0x000001e36bcce0b0
Event: 51245.164 Thread 0x000001e36bccead0 Thread added: 0x000001e36bccead0
Event: 51245.174 Thread 0x000001e36bccbd40 Thread added: 0x000001e36bccbd40
Event: 51245.537 Thread 0x000001e36c5ad860 Thread added: 0x000001e36c5ad860
Event: 51250.577 Thread 0x000001e36c5ad860 Thread exited: 0x000001e36c5ad860
Event: 51305.524 Thread 0x000001e36bccead0 Thread exited: 0x000001e36bccead0
Event: 51305.525 Thread 0x000001e36bccbd40 Thread exited: 0x000001e36bccbd40
Event: 52880.561 Thread 0x000001e36bccd180 Thread added: 0x000001e36bccd180
Event: 52941.882 Thread 0x000001e36bccd180 Thread exited: 0x000001e36bccd180


Dynamic libraries:
0x00007ff6bf490000 - 0x00007ff6bf49e000 	c:\Users\E480\.vscode\extensions\redhat.java-1.32.0-win32-x64\jre\17.0.11-win32-x86_64\bin\java.exe
0x00007ffc0d9f0000 - 0x00007ffc0dbe8000 	C:\WINDOWS\SYSTEM32\ntdll.dll
0x00007ffc0c090000 - 0x00007ffc0c14d000 	C:\WINDOWS\System32\KERNEL32.DLL
0x00007ffc0b680000 - 0x00007ffc0b976000 	C:\WINDOWS\System32\KERNELBASE.dll
0x00007ffc0b300000 - 0x00007ffc0b400000 	C:\WINDOWS\System32\ucrtbase.dll
0x00007ffbe8bd0000 - 0x00007ffbe8be7000 	c:\Users\E480\.vscode\extensions\redhat.java-1.32.0-win32-x64\jre\17.0.11-win32-x86_64\bin\jli.dll
0x00007ffbe8050000 - 0x00007ffbe806b000 	c:\Users\E480\.vscode\extensions\redhat.java-1.32.0-win32-x64\jre\17.0.11-win32-x86_64\bin\VCRUNTIME140.dll
0x00007ffc0c960000 - 0x00007ffc0caff000 	C:\WINDOWS\System32\USER32.dll
0x00007ffc0b240000 - 0x00007ffc0b262000 	C:\WINDOWS\System32\win32u.dll
0x00007ffbf60a0000 - 0x00007ffbf633a000 	C:\WINDOWS\WinSxS\amd64_microsoft.windows.common-controls_6595b64144ccf1df_6.0.19041.4355_none_60b8b9eb71f62e16\COMCTL32.dll
0x00007ffc0bc80000 - 0x00007ffc0bcab000 	C:\WINDOWS\System32\GDI32.dll
0x00007ffc0d0b0000 - 0x00007ffc0d14e000 	C:\WINDOWS\System32\msvcrt.dll
0x00007ffc0b400000 - 0x00007ffc0b517000 	C:\WINDOWS\System32\gdi32full.dll
0x00007ffc0b150000 - 0x00007ffc0b1ed000 	C:\WINDOWS\System32\msvcp_win.dll
0x00007ffc0d080000 - 0x00007ffc0d0af000 	C:\WINDOWS\System32\IMM32.DLL
0x00007ffc038a0000 - 0x00007ffc038ac000 	c:\Users\E480\.vscode\extensions\redhat.java-1.32.0-win32-x64\jre\17.0.11-win32-x86_64\bin\vcruntime140_1.dll
0x00007ffbde470000 - 0x00007ffbde4fd000 	c:\Users\E480\.vscode\extensions\redhat.java-1.32.0-win32-x64\jre\17.0.11-win32-x86_64\bin\msvcp140.dll
0x00007ffb8b660000 - 0x00007ffb8c2c2000 	c:\Users\E480\.vscode\extensions\redhat.java-1.32.0-win32-x64\jre\17.0.11-win32-x86_64\bin\server\jvm.dll
0x00007ffc0c780000 - 0x00007ffc0c830000 	C:\WINDOWS\System32\ADVAPI32.dll
0x00007ffc0bff0000 - 0x00007ffc0c090000 	C:\WINDOWS\System32\sechost.dll
0x00007ffc0ba30000 - 0x00007ffc0bb53000 	C:\WINDOWS\System32\RPCRT4.dll
0x00007ffc0b120000 - 0x00007ffc0b147000 	C:\WINDOWS\System32\bcrypt.dll
0x00007ffbeb560000 - 0x00007ffbeb569000 	C:\WINDOWS\SYSTEM32\WSOCK32.dll
0x00007ffc0aa80000 - 0x00007ffc0aacb000 	C:\WINDOWS\SYSTEM32\POWRPROF.dll
0x00007ffc0d940000 - 0x00007ffc0d9ab000 	C:\WINDOWS\System32\WS2_32.dll
0x00007ffbec670000 - 0x00007ffbec697000 	C:\WINDOWS\SYSTEM32\WINMM.dll
0x00007ffc049f0000 - 0x00007ffc049fa000 	C:\WINDOWS\SYSTEM32\VERSION.dll
0x00007ffc0aa40000 - 0x00007ffc0aa52000 	C:\WINDOWS\SYSTEM32\UMPDC.dll
0x00007ffc098c0000 - 0x00007ffc098d2000 	C:\WINDOWS\SYSTEM32\kernel.appcore.dll
0x00007ffbf6df0000 - 0x00007ffbf6dfa000 	c:\Users\E480\.vscode\extensions\redhat.java-1.32.0-win32-x64\jre\17.0.11-win32-x86_64\bin\jimage.dll
0x00007ffc08f00000 - 0x00007ffc090e4000 	C:\WINDOWS\SYSTEM32\DBGHELP.DLL
0x00007ffbf6980000 - 0x00007ffbf69b4000 	C:\WINDOWS\SYSTEM32\dbgcore.DLL
0x00007ffc0b270000 - 0x00007ffc0b2f2000 	C:\WINDOWS\System32\bcryptPrimitives.dll
0x00007ffbe7de0000 - 0x00007ffbe7e05000 	c:\Users\E480\.vscode\extensions\redhat.java-1.32.0-win32-x64\jre\17.0.11-win32-x86_64\bin\java.dll
0x00007ffbe8030000 - 0x00007ffbe8048000 	c:\Users\E480\.vscode\extensions\redhat.java-1.32.0-win32-x64\jre\17.0.11-win32-x86_64\bin\zip.dll
0x00007ffc0d170000 - 0x00007ffc0d8dc000 	C:\WINDOWS\System32\SHELL32.dll
0x00007ffc09110000 - 0x00007ffc098ad000 	C:\WINDOWS\SYSTEM32\windows.storage.dll
0x00007ffc0cd20000 - 0x00007ffc0d073000 	C:\WINDOWS\System32\combase.dll
0x00007ffc0aad0000 - 0x00007ffc0aafe000 	C:\WINDOWS\SYSTEM32\Wldp.dll
0x00007ffc0bcb0000 - 0x00007ffc0bd7d000 	C:\WINDOWS\System32\OLEAUT32.dll
0x00007ffc0cb00000 - 0x00007ffc0cbad000 	C:\WINDOWS\System32\SHCORE.dll
0x00007ffc0bf30000 - 0x00007ffc0bf85000 	C:\WINDOWS\System32\shlwapi.dll
0x00007ffc0afe0000 - 0x00007ffc0b004000 	C:\WINDOWS\SYSTEM32\profapi.dll
0x00007ffbe37f0000 - 0x00007ffbe3809000 	C:\Users\E480\.vscode\extensions\redhat.java-1.32.0-win32-x64\jre\17.0.11-win32-x86_64\bin\net.dll
0x00007ffc01660000 - 0x00007ffc0176a000 	C:\WINDOWS\SYSTEM32\WINHTTP.dll
0x00007ffc0a7c0000 - 0x00007ffc0a82a000 	C:\WINDOWS\system32\mswsock.dll
0x00007ffbdefa0000 - 0x00007ffbdefb6000 	C:\Users\E480\.vscode\extensions\redhat.java-1.32.0-win32-x64\jre\17.0.11-win32-x86_64\bin\nio.dll
0x00007ffbf2590000 - 0x00007ffbf25a0000 	c:\Users\E480\.vscode\extensions\redhat.java-1.32.0-win32-x64\jre\17.0.11-win32-x86_64\bin\verify.dll
0x00007ffc0a9c0000 - 0x00007ffc0a9d8000 	C:\WINDOWS\SYSTEM32\CRYPTSP.dll
0x00007ffc0a080000 - 0x00007ffc0a0b4000 	C:\WINDOWS\system32\rsaenh.dll
0x00007ffc0af90000 - 0x00007ffc0afbe000 	C:\WINDOWS\SYSTEM32\USERENV.dll
0x00007ffc0a9b0000 - 0x00007ffc0a9bc000 	C:\WINDOWS\SYSTEM32\CRYPTBASE.dll
0x00007ffc0a4a0000 - 0x00007ffc0a4db000 	C:\WINDOWS\SYSTEM32\IPHLPAPI.DLL
0x00007ffc0c5c0000 - 0x00007ffc0c5c8000 	C:\WINDOWS\System32\NSI.dll
0x00007ffc01830000 - 0x00007ffc01847000 	C:\WINDOWS\SYSTEM32\dhcpcsvc6.DLL
0x00007ffc021b0000 - 0x00007ffc021cd000 	C:\WINDOWS\SYSTEM32\dhcpcsvc.DLL
0x00007ffc0a4e0000 - 0x00007ffc0a5aa000 	C:\WINDOWS\SYSTEM32\DNSAPI.dll
0x00007ffbea730000 - 0x00007ffbea739000 	C:\Users\E480\.vscode\extensions\redhat.java-1.32.0-win32-x64\jre\17.0.11-win32-x86_64\bin\management.dll
0x00007ffbea290000 - 0x00007ffbea29b000 	C:\Users\E480\.vscode\extensions\redhat.java-1.32.0-win32-x64\jre\17.0.11-win32-x86_64\bin\management_ext.dll
0x00007ffc0be00000 - 0x00007ffc0be08000 	C:\WINDOWS\System32\PSAPI.DLL
0x00007ffbe9ac0000 - 0x00007ffbe9ace000 	C:\Users\E480\.vscode\extensions\redhat.java-1.32.0-win32-x64\jre\17.0.11-win32-x86_64\bin\sunmscapi.dll
0x00007ffc0b520000 - 0x00007ffc0b67e000 	C:\WINDOWS\System32\CRYPT32.dll
0x00007ffc0ab40000 - 0x00007ffc0ab69000 	C:\WINDOWS\SYSTEM32\ncrypt.dll
0x00007ffc0ab00000 - 0x00007ffc0ab3b000 	C:\WINDOWS\SYSTEM32\NTASN1.dll
0x00007ffc03030000 - 0x00007ffc0303a000 	C:\Windows\System32\rasadhlp.dll
0x00007ffbf35c0000 - 0x00007ffbf3640000 	C:\WINDOWS\System32\fwpuclnt.dll
0x00007ffbe7dd0000 - 0x00007ffbe7dd9000 	C:\Users\E480\.vscode\extensions\redhat.java-1.32.0-win32-x64\jre\17.0.11-win32-x86_64\bin\extnet.dll

dbghelp: loaded successfully - version: 4.0.5 - missing functions: none
symbol engine: initialized successfully - sym options: 0x614 - pdb path: .;c:\Users\E480\.vscode\extensions\redhat.java-1.32.0-win32-x64\jre\17.0.11-win32-x86_64\bin;C:\WINDOWS\SYSTEM32;C:\WINDOWS\WinSxS\amd64_microsoft.windows.common-controls_6595b64144ccf1df_6.0.19041.4355_none_60b8b9eb71f62e16;c:\Users\E480\.vscode\extensions\redhat.java-1.32.0-win32-x64\jre\17.0.11-win32-x86_64\bin\server

VM Arguments:
jvm_args: -Xmx1024m -Dsts.lsp.client=vscode -Dsts.log.file=/dev/null -XX:TieredStopAtLevel=1 -Xlog:jni+resolve=off -Dspring.config.location=file:c:\Users\E480\.vscode\extensions\vmware.vscode-spring-boot-1.55.1\language-server\BOOT-INF\classes\application.properties 
java_command: org.springframework.ide.vscode.boot.app.BootLanguageServerBootApp
java_class_path (initial): c:\Users\E480\.vscode\extensions\vmware.vscode-spring-boot-1.55.1\language-server\BOOT-INF\classes;c:\Users\E480\.vscode\extensions\vmware.vscode-spring-boot-1.55.1\language-server\BOOT-INF\lib\annotations-24.1.0.jar;c:\Users\E480\.vscode\extensions\vmware.vscode-spring-boot-1.55.1\language-server\BOOT-INF\lib\antlr4-runtime-4.13.1.jar;c:\Users\E480\.vscode\extensions\vmware.vscode-spring-boot-1.55.1\language-server\BOOT-INF\lib\asm-9.7.jar;c:\Users\E480\.vscode\extensions\vmware.vscode-spring-boot-1.55.1\language-server\BOOT-INF\lib\asm-analysis-9.7.jar;c:\Users\E480\.vscode\extensions\vmware.vscode-spring-boot-1.55.1\language-server\BOOT-INF\lib\asm-tree-9.7.jar;c:\Users\E480\.vscode\extensions\vmware.vscode-spring-boot-1.55.1\language-server\BOOT-INF\lib\asm-util-9.7.jar;c:\Users\E480\.vscode\extensions\vmware.vscode-spring-boot-1.55.1\language-server\BOOT-INF\lib\caffeine-3.1.8.jar;c:\Users\E480\.vscode\extensions\vmware.vscode-spring-boot-1.55.1\language-server\BOOT-INF\lib\checker-qual-3.12.0.jar;c:\Users\E480\.vscode\extensions\vmware.vscode-spring-boot-1.55.1\language-server\BOOT-INF\lib\classgraph-4.8.149.jar;c:\Users\E480\.vscode\extensions\vmware.vscode-spring-boot-1.55.1\language-server\BOOT-INF\lib\commons-codec-1.16.1.jar;c:\Users\E480\.vscode\extensions\vmware.vscode-spring-boot-1.55.1\language-server\BOOT-INF\lib\commons-compress-1.26.1.jar;c:\Users\E480\.vscode\extensions\vmware.vscode-spring-boot-1.55.1\language-server\BOOT-INF\lib\commons-io-2.16.1.jar;c:\Users\E480\.vscode\extensions\vmware.vscode-spring-boot-1.55.1\language-server\BOOT-INF\lib\commons-java-1.55.1-SNAPSHOT.jar;c:\Users\E480\.vscode\extensions\vmware.vscode-spring-boot-1.55.1\language-server\BOOT-INF\lib\commons-lang3-3.14.0.jar;c:\Users\E480\.vscode\extensions\vmware.vscode-spring-boot-1.55.1\language-server\BOOT-INF\lib\commons-language-server-1.55.1-SNAPSHOT.jar;c:\Users\E480\.vscode\extensions\vmware.vscode-spring-boot-1.55.1\language-server\BOOT-I
Launcher Type: SUN_STANDARD

[Global flags]
     intx CICompilerCount                          = 4                                         {product} {ergonomic}
     uint ConcGCThreads                            = 2                                         {product} {ergonomic}
     uint G1ConcRefinementThreads                  = 8                                         {product} {ergonomic}
   size_t G1HeapRegionSize                         = 1048576                                   {product} {ergonomic}
    uintx GCDrainStackTargetSize                   = 64                                        {product} {ergonomic}
   size_t InitialHeapSize                          = 134217728                                 {product} {ergonomic}
   size_t MarkStackSize                            = 4194304                                   {product} {ergonomic}
   size_t MaxHeapSize                              = 1073741824                                {product} {command line}
   size_t MaxNewSize                               = 643825664                                 {product} {ergonomic}
   size_t MinHeapDeltaBytes                        = 1048576                                   {product} {ergonomic}
   size_t MinHeapSize                              = 8388608                                   {product} {ergonomic}
    uintx NonProfiledCodeHeapSize                  = 0                                      {pd product} {ergonomic}
     bool ProfileInterpreter                       = false                                  {pd product} {command line}
    uintx ProfiledCodeHeapSize                     = 0                                      {pd product} {ergonomic}
   size_t SoftMaxHeapSize                          = 1073741824                             {manageable} {ergonomic}
     intx TieredStopAtLevel                        = 1                                         {product} {command line}
     bool UseCompressedClassPointers               = true                           {product lp64_product} {ergonomic}
     bool UseCompressedOops                        = true                           {product lp64_product} {ergonomic}
     bool UseG1GC                                  = true                                      {product} {ergonomic}
     bool UseLargePagesIndividualAllocation        = false                                  {pd product} {ergonomic}

Logging:
Log output configuration:
 #0: stdout all=warning,jni+resolve=off uptime,level,tags
 #1: stderr all=off uptime,level,tags

Environment Variables:
PATH=C:\Python312\Scripts\;C:\Python312\;C:\Program Files\Common Files\Oracle\Java\javapath;C:\Program Files (x86)\Common Files\Oracle\Java\javapath;C:\WINDOWS\system32;C:\WINDOWS;C:\WINDOWS\System32\Wbem;C:\WINDOWS\System32\WindowsPowerShell\v1.0\;C:\WINDOWS\System32\OpenSSH\;C:\Users\E480\AppData\Local\Microsoft\WindowsApps;C:\Users\E480\AppData\Roaming\Dashlane\6.1915.0.19667\bin\Firefox_Extension\{442718d9-475e-452a-b3e1-fb1ee16b8e9f}\components;C:\Users\E480\AppData\Roaming\Dashlane\6.1915.0.19667\ucrt;C:\Users\E480\AppData\Roaming\Dashlane\6.1915.0.19667\bin\Qt;C:\Users\E480\AppData\Roaming\Dashlane\6.1915.0.19667\bin\Ssl;C:\Users\E480\AppData\Local\Programs\Microsoft VS Code\bin;C:\Users\E480\AppData\Roaming\npm;C:\adb;C:\Program Files\Git\cmd;C:\Program Files\nodejs\;C:\ProgramData\chocolatey\bin;D:\Instalacoes\php;C:\composer;E:\instalacoes2\php;C:\Program Files\Certbot\bin;E:\Instalacoes\php;C:\Program Files\dotnet\;C:\Program Files (x86)\Apache\Maven\bin;C:\Users\E480\AppData\Local\Microsoft\WindowsApps;C:\Users\E480\AppData\Roaming\Dashlane\6.1915.0.19667\bin\Firefox_Extension\{442718d9-475e-452a-b3e1-fb1ee16b8e9f}\components;C:\Users\E480\AppData\Roaming\Dashlane\6.1915.0.19667\ucrt;C:\Users\E480\AppData\Roaming\Dashlane\6.1915.0.19667\bin\Qt;C:\Users\E480\AppData\Roaming\Dashlane\6.1915.0.19667\bin\Ssl;C:\Users\E480\AppData\Local\Programs\Microsoft VS Code\bin;C:\Users\E480\AppData\Roaming\npm;C:\Users\E480\AppData\Roaming\Composer\vendor\bin;C:\Users\E480\AppData\Local\GitHubDesktop\bin;C:\Users\E480\.dotnet\tools;C:\Program Files (x86)\Apache\Maven\bin;C:\Program Files (x86)\Apache\Maven;
USERNAME=E480
OS=Windows_NT
PROCESSOR_IDENTIFIER=Intel64 Family 6 Model 142 Stepping 10, GenuineIntel
TMP=C:\Users\E480\AppData\Local\Temp
TEMP=C:\Users\E480\AppData\Local\Temp



Periodic native trim disabled


---------------  S Y S T E M  ---------------

OS:
 Windows 10 , 64 bit Build 19041 (10.0.19041.3636)
OS uptime: 6 days 20:28 hours

CPU: total 8 (initial active 8) (4 cores per cpu, 2 threads per core) family 6 model 142 stepping 10 microcode 0xc6, cx8, cmov, fxsr, ht, mmx, 3dnowpref, sse, sse2, sse3, ssse3, sse4.1, sse4.2, popcnt, lzcnt, tsc, tscinvbit, avx, avx2, erms, clmul, bmi1, bmi2, adx, fma, vzeroupper, clflush, clflushopt
Processor Information for all 8 processors :
  Max Mhz: 1801, Current Mhz: 400, Mhz Limit: 396

Memory: 4k page, system-wide physical 8093M (1096M free)
TotalPageFile size 12189M (AvailPageFile size 9M)
current process WorkingSet (physical memory assigned to process): 92M, peak: 227M
current process commit charge ("private bytes"): 266M, peak: 277M

vm_info: OpenJDK 64-Bit Server VM (17.0.11+9) for windows-amd64 JRE (17.0.11+9), built on Apr 17 2024 06:07:48 by "admin" with MS VC++ 16.10 / 16.11 (VS2019)

END.
